<?xml version="1.0" encoding="UTF-8"?>
<!-- Generated by org.testng.reporters.JUnitXMLReporter -->
<testsuite ignored="0" hostname="DESKTOP-8RBEEAC" failures="0" tests="3" name="Test" time="33.754" errors="0" timestamp="2024-04-25T07:18:43 IST">
  <testcase classname="TestScript.RegisterTest" name="registerPage_001" time="11.548"/>
  <testcase classname="TestScript.RegisterTest" name="registerPage_002" time="12.097"/>
  <testcase classname="TestScript.BooksTest" name="booksTest_001" time="9.975"/>
</testsuite> <!-- Test -->
